TN:
SF:/Users/jrivera/gitClone/electron-react-redux-boilerplate/app/test/first.spec.js
FN:3,(anonymous_1)
FN:4,(anonymous_2)
FNF:2
FNH:2
FNDA:1,(anonymous_1)
FNDA:1,(anonymous_2)
DA:1,1
DA:2,1
DA:3,1
DA:4,0
LF:4
LH:3
BRDA:5,1,0,0
BRDA:5,1,1,1
BRF:2
BRH:1
end_of_record
TN:
SF:/Users/jrivera/gitClone/electron-react-redux-boilerplate/app/test/reducers/myApp.spec.js
FN:11,_interopRequireDefault
FN:13,(anonymous_2)
FN:14,(anonymous_3)
FN:20,(anonymous_4)
FN:30,(anonymous_5)
FNF:5
FNH:5
FNDA:2,_interopRequireDefault
FNDA:1,(anonymous_2)
FNDA:1,(anonymous_3)
FNDA:1,(anonymous_4)
FNDA:1,(anonymous_5)
DA:0,2
DA:1,1
DA:2,1
DA:4,1
DA:5,1
DA:6,1
DA:11,1
DA:12,1
DA:15,1
DA:18,1
DA:21,1
DA:22,1
DA:25,1
DA:28,1
LF:14
LH:14
BRDA:11,1,0,1
BRDA:11,1,1,1
BRDA:11,2,0,2
BRDA:11,2,1,2
BRF:4
BRH:4
end_of_record
TN:
SF:/Users/jrivera/gitClone/electron-react-redux-boilerplate/app/ui/reducers/myApp.js
FN:11,_interopRequireDefault
FN:18,INCREMENT
FN:21,DECREMENT
FNF:3
FNH:3
FNDA:1,_interopRequireDefault
FNDA:1,INCREMENT
FNDA:1,DECREMENT
DA:0,1
DA:1,1
DA:3,1
DA:7,1
LF:4
LH:4
BRDA:11,1,0,0
BRDA:11,1,1,1
BRDA:11,2,0,1
BRDA:11,2,1,1
BRF:4
BRH:4
end_of_record
TN:
SF:/Users/jrivera/gitClone/electron-react-redux-boilerplate/app/ui/components/Note/Note.spec.js
FN:17,_interopRequireDefault
FN:19,(anonymous_2)
FN:20,(anonymous_3)
FN:25,(anonymous_4)
FNF:4
FNH:4
FNDA:3,_interopRequireDefault
FNDA:1,(anonymous_2)
FNDA:1,(anonymous_3)
FNDA:1,(anonymous_4)
DA:0,3
DA:1,1
DA:2,1
DA:3,1
DA:4,1
DA:6,1
DA:7,1
DA:8,1
DA:9,1
DA:12,1
DA:13,1
DA:14,1
DA:17,1
DA:18,1
LF:14
LH:14
BRDA:17,1,0,1
BRDA:17,1,1,2
BRDA:17,2,0,3
BRDA:17,2,1,3
BRF:4
BRH:4
end_of_record
TN:
SF:/Users/jrivera/gitClone/electron-react-redux-boilerplate/app/ui/components/Note/Note.js
FN:15,_interopRequireDefault
FN:17,Note
FN:23,onClick
FNF:3
FNH:3
FNDA:2,_interopRequireDefault
FNDA:2,Note
FNDA:1,onClick
DA:0,2
DA:1,1
DA:2,1
DA:4,1
DA:5,2
DA:7,1
LF:6
LH:6
BRDA:15,1,0,0
BRDA:15,1,1,2
BRDA:15,2,0,2
BRDA:15,2,1,2
BRF:4
BRH:4
end_of_record
